admin‣PARTY: 100,00
BFS.pas
Dịch thành công

admin‣BFS‣test00: 2,77
Thời gian ≈ 0,577986586 giây
Kết quả khớp đáp án!
admin‣BFS‣test01: 2,77
Thời gian ≈ 0,060279167 giây
Kết quả khớp đáp án!
admin‣BFS‣test02: 2,77
Thời gian ≈ 0,023690598 giây
Kết quả khớp đáp án!
admin‣BFS‣test03: 2,77
Thời gian ≈ 0,023714390 giây
Kết quả khớp đáp án!
admin‣BFS‣test04: 2,77
Thời gian ≈ 0,024692187 giây
Kết quả khớp đáp án!
admin‣BFS‣test05: 2,77
Thời gian ≈ 0,090420150 giây
Kết quả khớp đáp án!
admin‣BFS‣test06: 2,77
Thời gian ≈ 0,327880339 giây
Kết quả khớp đáp án!
admin‣BFS‣test07: 2,77
Thời gian ≈ 0,668395073 giây
Kết quả khớp đáp án!
admin‣BFS‣test08: 2,77
Thời gian ≈ 0,077786222 giây
Kết quả khớp đáp án!
admin‣BFS‣test09: 2,77
Thời gian ≈ 0,474220619 giây
Kết quả khớp đáp án!
admin‣BFS‣test10: 2,77
Thời gian ≈ 0,603100029 giây
Kết quả khớp đáp án!
admin‣BFS‣test11: 2,77
Thời gian ≈ 0,555321836 giây
Kết quả khớp đáp án!
admin‣BFS‣test12: 2,77
Thời gian ≈ 0,623217187 giây
Kết quả khớp đáp án!
admin‣BFS‣test13: 2,77
Thời gian ≈ 0,729388928 giây
Kết quả khớp đáp án!
admin‣BFS‣test14: 2,77
Thời gian ≈ 0,428078931 giây
Kết quả khớp đáp án!
admin‣BFS‣test15: 2,77
Thời gian ≈ 0,279944934 giây
Kết quả khớp đáp án!
admin‣BFS‣test16: 2,77
Thời gian ≈ 0,701959281 giây
Kết quả khớp đáp án!
admin‣BFS‣test17: 2,77
Thời gian ≈ 0,388283597 giây
Kết quả khớp đáp án!
admin‣BFS‣test18: 2,77
Thời gian ≈ 0,206913812 giây
Kết quả khớp đáp án!
admin‣BFS‣test19: 2,77
Thời gian ≈ 0,695497233 giây
Kết quả khớp đáp án!
admin‣BFS‣test20: 2,77
Thời gian ≈ 0,195567442 giây
Kết quả khớp đáp án!
admin‣BFS‣test21: 2,77
Thời gian ≈ 0,293304279 giây
Kết quả khớp đáp án!
admin‣BFS‣test22: 2,77
Thời gian ≈ 0,166822247 giây
Kết quả khớp đáp án!
admin‣BFS‣test23: 2,77
Thời gian ≈ 0,389290784 giây
Kết quả khớp đáp án!
admin‣BFS‣test24: 2,77
Thời gian ≈ 0,352484357 giây
Kết quả khớp đáp án!
admin‣BFS‣test25: 2,77
Thời gian ≈ 0,125010671 giây
Kết quả khớp đáp án!
admin‣BFS‣test26: 2,77
Thời gian ≈ 0,097884253 giây
Kết quả khớp đáp án!
admin‣BFS‣test27: 2,77
Thời gian ≈ 0,439820432 giây
Kết quả khớp đáp án!
admin‣BFS‣test28: 2,77
Thời gian ≈ 0,073116025 giây
Kết quả khớp đáp án!
admin‣BFS‣test29: 2,77
Thời gian ≈ 0,061754727 giây
Kết quả khớp đáp án!
admin‣BFS‣test30: 2,77
Thời gian ≈ 0,150372295 giây
Kết quả khớp đáp án!
admin‣BFS‣test31: 2,77
Thời gian ≈ 0,214379782 giây
Kết quả khớp đáp án!
admin‣BFS‣test32: 2,77
Thời gian ≈ 0,417800394 giây
Kết quả khớp đáp án!
admin‣BFS‣test33: 2,77
Thời gian ≈ 0,349369027 giây
Kết quả khớp đáp án!
admin‣BFS‣test34: 2,77
Thời gian ≈ 0,342682123 giây
Kết quả khớp đáp án!
admin‣BFS‣test35: 3,05
Thời gian ≈ 0,579153319 giây
Kết quả khớp đáp án!
